<?xml version="1.0" encoding="UTF-8"?>
<!-- Generated by org.testng.reporters.JUnitReportReporter -->
<testsuite hostname="EC2AMAZ-S11DBRH" failures="0" tests="1" name="runners.RerunRunner" time="7.157" errors="0" timestamp="2023-12-01T14:13:40 GMT" skipped="0">
  <testcase classname="runners.RerunRunner" name="runScenario" time="7.157"/>
  <system-out/>
</testsuite> <!-- runners.RerunRunner -->
